<?xml version="1.0" encoding="UTF-8"?>
<!-- Generated by org.testng.reporters.JUnitReportReporter -->
<testsuite hostname="MANI" failures="0" tests="1" name="com.testNG.TestNgParameter" time="7.968" errors="0" timestamp="2023-08-10T23:15:56 IST" skipped="0">
  <testcase classname="com.testNG.TestNgParameter" name="dataParamerizationUsingParameter" time="7.968"/>
</testsuite> <!-- com.testNG.TestNgParameter -->
