<?xml version="1.0" encoding="UTF-8"?>
<!-- Generated by org.testng.reporters.JUnitReportReporter -->
<testsuite hostname="MANI" failures="0" tests="1" name="com.testNG.ReadExcelUsingApachePOI" time="0.487" errors="0" timestamp="2023-08-16T08:50:11 IST" skipped="0">
  <testcase classname="com.testNG.ReadExcelUsingApachePOI" name="readData" time="0.487"/>
</testsuite> <!-- com.testNG.ReadExcelUsingApachePOI -->
