<?xml version="1.0" encoding="UTF-8"?>
<!-- Generated by org.testng.reporters.JUnitReportReporter -->
<testsuite hostname="MANI" failures="0" tests="3" name="com.testNG.TestNgParallel" time="15.836" errors="0" timestamp="2023-08-10T22:37:35 IST" skipped="0">
  <testcase classname="com.testNG.TestNgParallel" name="launchGoogle" time="5.264"/>
  <testcase classname="com.testNG.TestNgParallel" name="launchGoogle" time="5.293"/>
  <testcase classname="com.testNG.TestNgParallel" name="launchGoogle" time="5.279"/>
</testsuite> <!-- com.testNG.TestNgParallel -->
