<?xml version="1.0" encoding="UTF-8"?>
<!-- Generated by org.testng.reporters.JUnitReportReporter -->
<testsuite hostname="MANI" failures="0" tests="1" name="com.testNG.DragandDropUsingTestNG" time="17.200" errors="0" timestamp="2023-08-07T11:29:30 IST" skipped="0">
  <testcase classname="com.testNG.DragandDropUsingTestNG" name="DragandDrop" time="17.200"/>
  <system-out/>
</testsuite> <!-- com.testNG.DragandDropUsingTestNG -->
