<?xml version="1.0" encoding="UTF-8"?>
<!-- Generated by org.testng.reporters.JUnitReportReporter -->
<testsuite hostname="MANI" failures="0" tests="1" name="com.testNG.NavigateusingTestNG" time="23.380" errors="0" timestamp="2023-08-07T11:32:46 IST" skipped="0">
  <testcase classname="com.testNG.NavigateusingTestNG" name="Navigate" time="23.380"/>
  <system-out/>
</testsuite> <!-- com.testNG.NavigateusingTestNG -->
