<?xml version="1.0" encoding="UTF-8"?>
<!-- Generated by org.testng.reporters.JUnitReportReporter -->
<testsuite hostname="MANI" failures="0" tests="3" name="com.testNG.TestNgGroupsEx" time="0.030" errors="0" timestamp="2023-08-09T12:21:07 IST" skipped="0">
  <testcase classname="com.testNG.TestNgGroupsEx" name="testcase2" time="0.015"/>
  <testcase classname="com.testNG.TestNgGroupsEx" name="testcase1" time="0.011"/>
  <testcase classname="com.testNG.TestNgGroupsEx" name="testcase4" time="0.004"/>
</testsuite> <!-- com.testNG.TestNgGroupsEx -->
