<?xml version="1.0" encoding="UTF-8"?>
<!-- Generated by org.testng.reporters.JUnitReportReporter -->
<testsuite hostname="MANI" failures="0" tests="1" name="com.testNG.Amazon" time="7.964" errors="0" timestamp="2023-08-16T08:28:34 IST" skipped="0">
  <testcase classname="com.testNG.Amazon" name="amazon" time="7.964"/>
</testsuite> <!-- com.testNG.Amazon -->
