<?xml version="1.0" encoding="UTF-8"?>
<!-- Generated by org.testng.reporters.JUnitReportReporter -->
<testsuite hostname="MANI" failures="0" tests="4" name="com.testNG.TestAnnotationEx" time="0.009" errors="0" timestamp="2023-08-08T11:53:28 IST" skipped="1">
  <testcase classname="com.testNG.TestAnnotationEx" name="test2" time="0.005"/>
  <testcase classname="com.testNG.TestAnnotationEx" name="test1" time="0.003"/>
  <testcase classname="com.testNG.TestAnnotationEx" name="atest4" time="0.001"/>
  <testcase classname="com.testNG.TestAnnotationEx" name="test3">
    <skipped/>
  </testcase> <!-- test3 -->
</testsuite> <!-- com.testNG.TestAnnotationEx -->
