<?xml version="1.0" encoding="UTF-8"?>
<!-- Generated by org.testng.reporters.JUnitReportReporter -->
<testsuite hostname="MANI" failures="0" tests="3" name="com.testNG.TestNgGroupsEx2" time="0.011" errors="0" timestamp="2023-08-09T12:21:07 IST" skipped="0">
  <testcase classname="com.testNG.TestNgGroupsEx2" name="testcase7" time="0.003"/>
  <testcase classname="com.testNG.TestNgGroupsEx2" name="testcase6" time="0.004"/>
  <testcase classname="com.testNG.TestNgGroupsEx2" name="testcase8" time="0.004"/>
</testsuite> <!-- com.testNG.TestNgGroupsEx2 -->
