<?xml version="1.0" encoding="UTF-8"?>
<!-- Generated by org.testng.reporters.JUnitReportReporter -->
<testsuite hostname="MANI" failures="0" tests="1" name="com.testNG.FileuploadUsingTestNG" time="8.721" errors="0" timestamp="2023-08-07T11:35:23 IST" skipped="0">
  <testcase classname="com.testNG.FileuploadUsingTestNG" name="Fileupload" time="8.721"/>
  <system-out/>
</testsuite> <!-- com.testNG.FileuploadUsingTestNG -->
