<?xml version="1.0" encoding="UTF-8"?>
<!-- Generated by org.testng.reporters.JUnitReportReporter -->
<testsuite hostname="MANI" failures="0" tests="3" name="com.testNG.Annotationtypes" time="0.008" errors="0" timestamp="2023-08-07T16:08:08 IST" skipped="0">
  <testcase classname="com.testNG.Annotationtypes" name="Test1" time="0.006"/>
  <testcase classname="com.testNG.Annotationtypes" name="Test2" time="0.001"/>
  <testcase classname="com.testNG.Annotationtypes" name="Test3" time="0.001"/>
</testsuite> <!-- com.testNG.Annotationtypes -->
