<?xml version="1.0" encoding="UTF-8"?>
<!-- Generated by org.testng.reporters.JUnitReportReporter -->
<testsuite hostname="MANI" failures="0" tests="3" name="com.testNG.TestNGDataProvider" time="25.697" errors="0" timestamp="2023-08-11T11:15:54 IST" skipped="0">
  <testcase classname="com.testNG.TestNGDataProvider" name="fetchdata" time="7.750"/>
  <testcase classname="com.testNG.TestNGDataProvider" name="fetchdata" time="7.996"/>
  <testcase classname="com.testNG.TestNGDataProvider" name="fetchdata" time="9.951"/>
</testsuite> <!-- com.testNG.TestNGDataProvider -->
